2022-10-04 14:20:08 0 [Note] InnoDB: Mutexes and rw_locks use Windows interlocked functions
2022-10-04 14:20:08 0 [Note] InnoDB: Uses event mutexes
2022-10-04 14:20:08 0 [Note] InnoDB: Compressed tables use zlib 1.2.11
2022-10-04 14:20:08 0 [Note] InnoDB: Number of pools: 1
2022-10-04 14:20:08 0 [Note] InnoDB: Using SSE2 crc32 instructions
2022-10-04 14:20:08 0 [Note] InnoDB: Initializing buffer pool, total size = 16M, instances = 1, chunk size = 16M
2022-10-04 14:20:08 0 [Note] InnoDB: Completed initialization of buffer pool
2022-10-04 14:20:08 0 [Note] InnoDB: Starting crash recovery from checkpoint LSN=300288
2022-10-04 14:20:08 0 [Note] InnoDB: 128 out of 128 rollback segments are active.
2022-10-04 14:20:08 0 [Note] InnoDB: Removed temporary tablespace data file: "ibtmp1"
2022-10-04 14:20:08 0 [Note] InnoDB: Creating shared tablespace for temporary tables
2022-10-04 14:20:08 0 [Note] InnoDB: Setting file '\xampp\mysql\data\ibtmp1' size to 12 MB. Physically writing the file full; Please wait ...
2022-10-04 14:20:08 0 [Note] InnoDB: File '\xampp\mysql\data\ibtmp1' size is now 12 MB.
2022-10-04 14:20:08 0 [Note] InnoDB: Waiting for purge to start
2022-10-04 14:20:08 0 [Note] InnoDB: 10.4.25 started; log sequence number 300297; transaction id 170
2022-10-04 14:20:08 0 [Note] InnoDB: Loading buffer pool(s) from C:\xampp\mysql\data\ib_buffer_pool
2022-10-04 14:20:08 0 [Note] Plugin 'FEEDBACK' is disabled.
2022-10-04 14:20:08 0 [Note] InnoDB: Buffer pool(s) load completed at 221004 14:20:08
2022-10-04 14:20:08 0 [Note] Server socket created on IP: '::'.
2022-10-04 14:26:12 0 [Note] InnoDB: Mutexes and rw_locks use Windows interlocked functions
2022-10-04 14:26:12 0 [Note] InnoDB: Uses event mutexes
2022-10-04 14:26:12 0 [Note] InnoDB: Compressed tables use zlib 1.2.11
2022-10-04 14:26:12 0 [Note] InnoDB: Number of pools: 1
2022-10-04 14:26:12 0 [Note] InnoDB: Using SSE2 crc32 instructions
2022-10-04 14:26:12 0 [Note] InnoDB: Initializing buffer pool, total size = 16M, instances = 1, chunk size = 16M
2022-10-04 14:26:12 0 [Note] InnoDB: Completed initialization of buffer pool
2022-10-04 14:26:12 0 [Note] InnoDB: Starting crash recovery from checkpoint LSN=304458
2022-10-04 14:26:12 0 [Note] InnoDB: 128 out of 128 rollback segments are active.
2022-10-04 14:26:12 0 [Note] InnoDB: Removed temporary tablespace data file: "ibtmp1"
2022-10-04 14:26:12 0 [Note] InnoDB: Creating shared tablespace for temporary tables
2022-10-04 14:26:12 0 [Note] InnoDB: Setting file '\xampp\mysql\data\ibtmp1' size to 12 MB. Physically writing the file full; Please wait ...
2022-10-04 14:26:12 0 [Note] InnoDB: File '\xampp\mysql\data\ibtmp1' size is now 12 MB.
2022-10-04 14:26:12 0 [Note] InnoDB: Waiting for purge to start
2022-10-04 14:26:12 0 [Note] InnoDB: 10.4.25 started; log sequence number 304467; transaction id 197
2022-10-04 14:26:12 0 [Note] InnoDB: Loading buffer pool(s) from C:\xampp\mysql\data\ib_buffer_pool
2022-10-04 14:26:12 0 [Note] Plugin 'FEEDBACK' is disabled.
2022-10-04 14:26:12 0 [Note] Server socket created on IP: '::'.
2022-10-30 12:42:09 0 [Note] mysqld.exe: Aria engine: starting recovery
recovered pages: 0% 14% 57% 84% 95% 100% (0.0 seconds); tables to flush: 2 1 0
 (0.0 seconds); 
2022-10-30 12:42:09 0 [Note] mysqld.exe: Aria engine: recovery done
2022-10-30 12:42:09 0 [Note] InnoDB: Mutexes and rw_locks use Windows interlocked functions
2022-10-30 12:42:09 0 [Note] InnoDB: Uses event mutexes
2022-10-30 12:42:09 0 [Note] InnoDB: Compressed tables use zlib 1.2.11
2022-10-30 12:42:09 0 [Note] InnoDB: Number of pools: 1
2022-10-30 12:42:09 0 [Note] InnoDB: Using SSE2 crc32 instructions
2022-10-30 12:42:09 0 [Note] InnoDB: Initializing buffer pool, total size = 16M, instances = 1, chunk size = 16M
2022-10-30 12:42:09 0 [Note] InnoDB: Completed initialization of buffer pool
2022-10-30 12:42:09 0 [Note] InnoDB: Starting crash recovery from checkpoint LSN=2105935
2022-10-30 12:42:10 0 [Note] InnoDB: 128 out of 128 rollback segments are active.
2022-10-30 12:42:10 0 [Note] InnoDB: Removed temporary tablespace data file: "ibtmp1"
2022-10-30 12:42:10 0 [Note] InnoDB: Creating shared tablespace for temporary tables
2022-10-30 12:42:10 0 [Note] InnoDB: Setting file '\xampp\mysql\data\ibtmp1' size to 12 MB. Physically writing the file full; Please wait ...
2022-10-30 12:42:10 0 [Note] InnoDB: File '\xampp\mysql\data\ibtmp1' size is now 12 MB.
2022-10-30 12:42:10 0 [Note] InnoDB: Waiting for purge to start
2022-10-30 12:42:10 0 [Note] InnoDB: 10.4.25 started; log sequence number 2105944; transaction id 1853
2022-10-30 12:42:10 0 [Note] InnoDB: Loading buffer pool(s) from C:\xampp\mysql\data\ib_buffer_pool
2022-10-30 12:42:10 0 [Note] Plugin 'FEEDBACK' is disabled.
2022-10-30 12:42:10 0 [Note] InnoDB: Buffer pool(s) load completed at 221030 12:42:10
2022-10-30 12:42:10 0 [Note] Server socket created on IP: '::'.
2022-10-30 13:37:01 0 [Note] InnoDB: Mutexes and rw_locks use Windows interlocked functions
2022-10-30 13:37:01 0 [Note] InnoDB: Uses event mutexes
2022-10-30 13:37:01 0 [Note] InnoDB: Compressed tables use zlib 1.2.11
2022-10-30 13:37:01 0 [Note] InnoDB: Number of pools: 1
2022-10-30 13:37:01 0 [Note] InnoDB: Using SSE2 crc32 instructions
2022-10-30 13:37:01 0 [Note] InnoDB: Initializing buffer pool, total size = 16M, instances = 1, chunk size = 16M
2022-10-30 13:37:01 0 [Note] InnoDB: Completed initialization of buffer pool
2022-10-30 13:37:01 0 [Note] InnoDB: Starting crash recovery from checkpoint LSN=2105953
2022-10-30 13:37:01 0 [Note] InnoDB: 128 out of 128 rollback segments are active.
2022-10-30 13:37:01 0 [Note] InnoDB: Removed temporary tablespace data file: "ibtmp1"
2022-10-30 13:37:01 0 [Note] InnoDB: Creating shared tablespace for temporary tables
2022-10-30 13:37:01 0 [Note] InnoDB: Setting file '\xampp\mysql\data\ibtmp1' size to 12 MB. Physically writing the file full; Please wait ...
2022-10-30 13:37:01 0 [Note] InnoDB: File '\xampp\mysql\data\ibtmp1' size is now 12 MB.
2022-10-30 13:37:01 0 [Note] InnoDB: Waiting for purge to start
2022-10-30 13:37:01 0 [Note] InnoDB: 10.4.25 started; log sequence number 2105962; transaction id 1853
2022-10-30 13:37:01 0 [Note] InnoDB: Loading buffer pool(s) from C:\xampp\mysql\data\ib_buffer_pool
2022-10-30 13:37:01 0 [Note] Plugin 'FEEDBACK' is disabled.
2022-10-30 13:37:01 0 [Note] Server socket created on IP: '::'.
2022-10-30 14:11:23 0 [Note] InnoDB: Mutexes and rw_locks use Windows interlocked functions
2022-10-30 14:11:23 0 [Note] InnoDB: Uses event mutexes
2022-10-30 14:11:23 0 [Note] InnoDB: Compressed tables use zlib 1.2.11
2022-10-30 14:11:23 0 [Note] InnoDB: Number of pools: 1
2022-10-30 14:11:23 0 [Note] InnoDB: Using SSE2 crc32 instructions
2022-10-30 14:11:23 0 [Note] InnoDB: Initializing buffer pool, total size = 16M, instances = 1, chunk size = 16M
2022-10-30 14:11:23 0 [Note] InnoDB: Completed initialization of buffer pool
2022-10-30 14:11:23 0 [Note] InnoDB: Starting crash recovery from checkpoint LSN=2132189
2022-10-30 14:11:23 0 [Note] InnoDB: 128 out of 128 rollback segments are active.
2022-10-30 14:11:23 0 [Note] InnoDB: Removed temporary tablespace data file: "ibtmp1"
2022-10-30 14:11:23 0 [Note] InnoDB: Creating shared tablespace for temporary tables
2022-10-30 14:11:23 0 [Note] InnoDB: Setting file '\xampp\mysql\data\ibtmp1' size to 12 MB. Physically writing the file full; Please wait ...
2022-10-30 14:11:23 0 [Note] InnoDB: File '\xampp\mysql\data\ibtmp1' size is now 12 MB.
2022-10-30 14:11:23 0 [Note] InnoDB: Waiting for purge to start
2022-10-30 14:11:23 0 [Note] InnoDB: 10.4.25 started; log sequence number 2132198; transaction id 1984
2022-10-30 14:11:23 0 [Note] InnoDB: Loading buffer pool(s) from C:\xampp\mysql\data\ib_buffer_pool
2022-10-30 14:11:23 0 [Note] Plugin 'FEEDBACK' is disabled.
2022-10-30 14:11:23 0 [Note] Server socket created on IP: '::'.
2022-10-30 14:17:10 0 [Note] InnoDB: Mutexes and rw_locks use Windows interlocked functions
2022-10-30 14:17:10 0 [Note] InnoDB: Uses event mutexes
2022-10-30 14:17:10 0 [Note] InnoDB: Compressed tables use zlib 1.2.11
2022-10-30 14:17:10 0 [Note] InnoDB: Number of pools: 1
2022-10-30 14:17:10 0 [Note] InnoDB: Using SSE2 crc32 instructions
2022-10-30 14:17:10 0 [Note] InnoDB: Initializing buffer pool, total size = 16M, instances = 1, chunk size = 16M
2022-10-30 14:17:10 0 [Note] InnoDB: Completed initialization of buffer pool
2022-10-30 14:17:10 0 [Note] InnoDB: Starting crash recovery from checkpoint LSN=2132783
2022-10-30 14:17:10 0 [Note] InnoDB: 128 out of 128 rollback segments are active.
2022-10-30 14:17:10 0 [Note] InnoDB: Removed temporary tablespace data file: "ibtmp1"
2022-10-30 14:17:10 0 [Note] InnoDB: Creating shared tablespace for temporary tables
2022-10-30 14:17:10 0 [Note] InnoDB: Setting file '\xampp\mysql\data\ibtmp1' size to 12 MB. Physically writing the file full; Please wait ...
2022-10-30 14:17:10 0 [Note] InnoDB: File '\xampp\mysql\data\ibtmp1' size is now 12 MB.
2022-10-30 14:17:10 0 [Note] InnoDB: Waiting for purge to start
2022-10-30 14:17:10 0 [Note] InnoDB: 10.4.25 started; log sequence number 2132792; transaction id 2030
2022-10-30 14:17:10 0 [Note] InnoDB: Loading buffer pool(s) from C:\xampp\mysql\data\ib_buffer_pool
2022-10-30 14:17:10 0 [Note] Plugin 'FEEDBACK' is disabled.
2022-10-30 14:17:10 0 [Note] Server socket created on IP: '::'.
2022-10-30 23:11:39 0 [Note] InnoDB: Mutexes and rw_locks use Windows interlocked functions
2022-10-30 23:11:39 0 [Note] InnoDB: Uses event mutexes
2022-10-30 23:11:39 0 [Note] InnoDB: Compressed tables use zlib 1.2.11
2022-10-30 23:11:39 0 [Note] InnoDB: Number of pools: 1
2022-10-30 23:11:39 0 [Note] InnoDB: Using SSE2 crc32 instructions
2022-10-30 23:11:39 0 [Note] InnoDB: Initializing buffer pool, total size = 16M, instances = 1, chunk size = 16M
2022-10-30 23:11:39 0 [Note] InnoDB: Completed initialization of buffer pool
2022-10-30 23:11:39 0 [Note] InnoDB: Starting crash recovery from checkpoint LSN=2133419
2022-10-30 23:11:39 0 [Note] InnoDB: 128 out of 128 rollback segments are active.
2022-10-30 23:11:39 0 [Note] InnoDB: Removed temporary tablespace data file: "ibtmp1"
2022-10-30 23:11:39 0 [Note] InnoDB: Creating shared tablespace for temporary tables
2022-10-30 23:11:39 0 [Note] InnoDB: Setting file '\xampp\mysql\data\ibtmp1' size to 12 MB. Physically writing the file full; Please wait ...
2022-10-30 23:11:39 0 [Note] InnoDB: File '\xampp\mysql\data\ibtmp1' size is now 12 MB.
2022-10-30 23:11:39 0 [Note] InnoDB: Waiting for purge to start
2022-10-30 23:11:39 0 [Note] InnoDB: 10.4.25 started; log sequence number 2133428; transaction id 2055
2022-10-30 23:11:39 0 [Note] InnoDB: Loading buffer pool(s) from C:\xampp\mysql\data\ib_buffer_pool
2022-10-30 23:11:39 0 [Note] Plugin 'FEEDBACK' is disabled.
2022-10-30 23:11:39 0 [Note] Server socket created on IP: '::'.
2022-10-30 23:11:39 0 [Note] InnoDB: Buffer pool(s) load completed at 221030 23:11:39
2022-10-30 23:17:14 0 [Note] InnoDB: Mutexes and rw_locks use Windows interlocked functions
2022-10-30 23:17:14 0 [Note] InnoDB: Uses event mutexes
2022-10-30 23:17:14 0 [Note] InnoDB: Compressed tables use zlib 1.2.11
2022-10-30 23:17:14 0 [Note] InnoDB: Number of pools: 1
2022-10-30 23:17:14 0 [Note] InnoDB: Using SSE2 crc32 instructions
2022-10-30 23:17:14 0 [Note] InnoDB: Initializing buffer pool, total size = 16M, instances = 1, chunk size = 16M
2022-10-30 23:17:14 0 [Note] InnoDB: Completed initialization of buffer pool
2022-10-30 23:17:14 0 [Note] InnoDB: Starting crash recovery from checkpoint LSN=2133437
2022-10-30 23:17:14 0 [Note] InnoDB: 128 out of 128 rollback segments are active.
2022-10-30 23:17:14 0 [Note] InnoDB: Removed temporary tablespace data file: "ibtmp1"
2022-10-30 23:17:14 0 [Note] InnoDB: Creating shared tablespace for temporary tables
2022-10-30 23:17:14 0 [Note] InnoDB: Setting file '\xampp\mysql\data\ibtmp1' size to 12 MB. Physically writing the file full; Please wait ...
2022-10-30 23:17:14 0 [Note] InnoDB: File '\xampp\mysql\data\ibtmp1' size is now 12 MB.
2022-10-30 23:17:14 0 [Note] InnoDB: Waiting for purge to start
2022-10-30 23:17:14 0 [Note] InnoDB: 10.4.25 started; log sequence number 2133446; transaction id 2055
2022-10-30 23:17:14 0 [Note] InnoDB: Loading buffer pool(s) from C:\xampp\mysql\data\ib_buffer_pool
2022-10-30 23:17:14 0 [Note] Plugin 'FEEDBACK' is disabled.
2022-10-30 23:17:14 0 [Note] Server socket created on IP: '::'.
2022-10-30 23:26:25 0 [Note] InnoDB: Mutexes and rw_locks use Windows interlocked functions
2022-10-30 23:26:25 0 [Note] InnoDB: Uses event mutexes
2022-10-30 23:26:25 0 [Note] InnoDB: Compressed tables use zlib 1.2.11
2022-10-30 23:26:25 0 [Note] InnoDB: Number of pools: 1
2022-10-30 23:26:25 0 [Note] InnoDB: Using SSE2 crc32 instructions
2022-10-30 23:26:25 0 [Note] InnoDB: Initializing buffer pool, total size = 16M, instances = 1, chunk size = 16M
2022-10-30 23:26:25 0 [Note] InnoDB: Completed initialization of buffer pool
2022-10-30 23:26:25 0 [Note] InnoDB: Starting crash recovery from checkpoint LSN=2133455
2022-10-30 23:26:25 0 [Note] InnoDB: 128 out of 128 rollback segments are active.
2022-10-30 23:26:25 0 [Note] InnoDB: Removed temporary tablespace data file: "ibtmp1"
2022-10-30 23:26:25 0 [Note] InnoDB: Creating shared tablespace for temporary tables
2022-10-30 23:26:25 0 [Note] InnoDB: Setting file '\xampp\mysql\data\ibtmp1' size to 12 MB. Physically writing the file full; Please wait ...
2022-10-30 23:26:25 0 [Note] InnoDB: File '\xampp\mysql\data\ibtmp1' size is now 12 MB.
2022-10-30 23:26:25 0 [Note] InnoDB: Waiting for purge to start
2022-10-30 23:26:25 0 [Note] InnoDB: 10.4.25 started; log sequence number 2133464; transaction id 2055
2022-10-30 23:26:25 0 [Note] InnoDB: Loading buffer pool(s) from C:\xampp\mysql\data\ib_buffer_pool
2022-10-30 23:26:25 0 [Note] Plugin 'FEEDBACK' is disabled.
2022-10-30 23:26:25 0 [Note] Server socket created on IP: '::'.
2022-10-30 23:30:07 0 [Note] InnoDB: Mutexes and rw_locks use Windows interlocked functions
2022-10-30 23:30:07 0 [Note] InnoDB: Uses event mutexes
2022-10-30 23:30:07 0 [Note] InnoDB: Compressed tables use zlib 1.2.11
2022-10-30 23:30:07 0 [Note] InnoDB: Number of pools: 1
2022-10-30 23:30:07 0 [Note] InnoDB: Using SSE2 crc32 instructions
2022-10-30 23:30:07 0 [Note] InnoDB: Initializing buffer pool, total size = 16M, instances = 1, chunk size = 16M
2022-10-30 23:30:07 0 [Note] InnoDB: Completed initialization of buffer pool
2022-10-30 23:30:07 0 [Note] InnoDB: Starting crash recovery from checkpoint LSN=2133473
2022-10-30 23:30:08 0 [Note] InnoDB: 128 out of 128 rollback segments are active.
2022-10-30 23:30:08 0 [Note] InnoDB: Removed temporary tablespace data file: "ibtmp1"
2022-10-30 23:30:08 0 [Note] InnoDB: Creating shared tablespace for temporary tables
2022-10-30 23:30:08 0 [Note] InnoDB: Setting file '\xampp\mysql\data\ibtmp1' size to 12 MB. Physically writing the file full; Please wait ...
2022-10-30 23:30:08 0 [Note] InnoDB: File '\xampp\mysql\data\ibtmp1' size is now 12 MB.
2022-10-30 23:30:08 0 [Note] InnoDB: Waiting for purge to start
2022-10-30 23:30:08 0 [Note] InnoDB: 10.4.25 started; log sequence number 2133482; transaction id 2055
2022-10-30 23:30:08 0 [Note] InnoDB: Loading buffer pool(s) from C:\xampp\mysql\data\ib_buffer_pool
2022-10-30 23:30:08 0 [Note] Plugin 'FEEDBACK' is disabled.
2022-10-30 23:30:08 0 [Note] Server socket created on IP: '::'.
2022-10-31  7:33:45 0 [Note] InnoDB: Mutexes and rw_locks use Windows interlocked functions
2022-10-31  7:33:45 0 [Note] InnoDB: Uses event mutexes
2022-10-31  7:33:45 0 [Note] InnoDB: Compressed tables use zlib 1.2.11
2022-10-31  7:33:45 0 [Note] InnoDB: Number of pools: 1
2022-10-31  7:33:45 0 [Note] InnoDB: Using SSE2 crc32 instructions
2022-10-31  7:33:45 0 [Note] InnoDB: Initializing buffer pool, total size = 16M, instances = 1, chunk size = 16M
2022-10-31  7:33:45 0 [Note] InnoDB: Completed initialization of buffer pool
2022-10-31  7:33:45 0 [Note] InnoDB: Starting crash recovery from checkpoint LSN=2147158
2022-10-31  7:33:46 0 [Note] InnoDB: 128 out of 128 rollback segments are active.
2022-10-31  7:33:46 0 [Note] InnoDB: Removed temporary tablespace data file: "ibtmp1"
2022-10-31  7:33:46 0 [Note] InnoDB: Creating shared tablespace for temporary tables
2022-10-31  7:33:46 0 [Note] InnoDB: Setting file '\xampp\mysql\data\ibtmp1' size to 12 MB. Physically writing the file full; Please wait ...
2022-10-31  7:33:46 0 [Note] InnoDB: File '\xampp\mysql\data\ibtmp1' size is now 12 MB.
2022-10-31  7:33:46 0 [Note] InnoDB: Waiting for purge to start
2022-10-31  7:33:46 0 [Note] InnoDB: 10.4.25 started; log sequence number 2147167; transaction id 2156
2022-10-31  7:33:46 0 [Note] InnoDB: Loading buffer pool(s) from C:\xampp\mysql\data\ib_buffer_pool
2022-10-31  7:33:46 0 [Note] Plugin 'FEEDBACK' is disabled.
2022-10-31  7:33:46 0 [Note] InnoDB: Buffer pool(s) load completed at 221031  7:33:46
2022-10-31  7:33:46 0 [Note] Server socket created on IP: '::'.
2022-10-31  8:37:01 0 [Note] InnoDB: Mutexes and rw_locks use Windows interlocked functions
2022-10-31  8:37:01 0 [Note] InnoDB: Uses event mutexes
2022-10-31  8:37:01 0 [Note] InnoDB: Compressed tables use zlib 1.2.11
2022-10-31  8:37:01 0 [Note] InnoDB: Number of pools: 1
2022-10-31  8:37:01 0 [Note] InnoDB: Using SSE2 crc32 instructions
2022-10-31  8:37:01 0 [Note] InnoDB: Initializing buffer pool, total size = 16M, instances = 1, chunk size = 16M
2022-10-31  8:37:01 0 [Note] InnoDB: Completed initialization of buffer pool
2022-10-31  8:37:02 0 [Note] InnoDB: Starting crash recovery from checkpoint LSN=2181432
2022-10-31  8:37:02 0 [Note] InnoDB: 128 out of 128 rollback segments are active.
2022-10-31  8:37:02 0 [Note] InnoDB: Removed temporary tablespace data file: "ibtmp1"
2022-10-31  8:37:02 0 [Note] InnoDB: Creating shared tablespace for temporary tables
2022-10-31  8:37:02 0 [Note] InnoDB: Setting file '\xampp\mysql\data\ibtmp1' size to 12 MB. Physically writing the file full; Please wait ...
2022-10-31  8:37:02 0 [Note] InnoDB: File '\xampp\mysql\data\ibtmp1' size is now 12 MB.
2022-10-31  8:37:02 0 [Note] InnoDB: Waiting for purge to start
2022-10-31  8:37:02 0 [Note] InnoDB: 10.4.25 started; log sequence number 2181441; transaction id 2297
2022-10-31  8:37:02 0 [Note] InnoDB: Loading buffer pool(s) from C:\xampp\mysql\data\ib_buffer_pool
2022-10-31  8:37:02 0 [Note] Plugin 'FEEDBACK' is disabled.
2022-10-31  8:37:02 0 [Note] InnoDB: Buffer pool(s) load completed at 221031  8:37:02
2022-10-31  8:37:02 0 [Note] Server socket created on IP: '::'.
